This is pdfTeX, Version 3.141592653-2.6-1.40.28 (TeX Live 2025) (preloaded format=pdflatex 2026.2.16)  21 FEB 2026 13:11
entering extended mode
 restricted \write18 enabled.
 %&-line parsing enabled.
**ledmac.dtx
(./ledmac.dtx
LaTeX2e <2025-11-01>
L3 programming layer <2026-01-19>
(/usr/local/texlive/2025/texmf-dist/tex/latex/base/ltxdoc.cls
Document Class: ltxdoc 2024/02/08 v2.1j Standard LaTeX documentation class
*************************************
* Local config file ltxdoc.cfg used
*************************************
(/usr/local/texlive/2025/texmf-dist/tex/latex/base/ltxdoc.cfg
File: ltxdoc.cfg 2022/06/14 v2.0d ltxdoc.cls configuration (LaTeX Project)
)
(/usr/local/texlive/2025/texmf-dist/tex/latex/base/article.cls
Document Class: article 2025/01/22 v1.4n Standard LaTeX document class
(/usr/local/texlive/2025/texmf-dist/tex/latex/base/size10.clo
File: size10.clo 2025/01/22 v1.4n Standard LaTeX file (size option)
)
\c@part=\count275
\c@section=\count276
\c@subsection=\count277
\c@subsubsection=\count278
\c@paragraph=\count279
\c@subparagraph=\count280
\c@figure=\count281
\c@table=\count282
\abovecaptionskip=\skip49
\belowcaptionskip=\skip50
\bibindent=\dimen148
)
(/usr/local/texlive/2025/texmf-dist/tex/latex/base/doc.sty
Package: doc 2024/12/25 v3.0q Standard LaTeX documentation package V3 (FMi)
\c@StandardModuleDepth=\count283
\guard@level=\count284
\MacrocodeTopsep=\skip51
\MacroIndent=\dimen149
\macro@cnt=\count285
\MacroTopsep=\skip52
\IndexMin=\dimen150
\c@IndexColumns=\count286

(/usr/local/texlive/2025/texmf-dist/tex/latex/tools/multicol.sty
Package: multicol 2025/10/21 v2.0b multicolumn formatting (FMi)
\c@tracingmulticols=\count287
\mult@box=\box53
\multicol@leftmargin=\dimen151
\c@unbalance=\count288
\c@collectmore=\count289
\doublecol@number=\count290
\multicoltolerance=\count291
\multicolpretolerance=\count292
\full@width=\dimen152
\page@free=\dimen153
\premulticols=\dimen154
\postmulticols=\dimen155
\multicolsep=\skip53
\multicolbaselineskip=\skip54
\partial@page=\box54
\last@line=\box55
\mc@boxedresult=\box56
\maxbalancingoverflow=\dimen156
\mult@rightbox=\box57
\mult@grightbox=\box58
\mult@firstbox=\box59
\mult@gfirstbox=\box60
\@tempa=\box61
\@tempa=\box62
\@tempa=\box63
\@tempa=\box64
\@tempa=\box65
\@tempa=\box66
\@tempa=\box67
\@tempa=\box68
\@tempa=\box69
\@tempa=\box70
\@tempa=\box71
\@tempa=\box72
\@tempa=\box73
\@tempa=\box74
\@tempa=\box75
\@tempa=\box76
\@tempa=\box77
\@tempa=\box78
\@tempa=\box79
\@tempa=\box80
\@tempa=\box81
\@tempa=\box82
\@tempa=\box83
\@tempa=\box84
\@tempa=\box85
\@tempa=\box86
\@tempa=\box87
\@tempa=\box88
\@tempa=\box89
\@tempa=\box90
\@tempa=\box91
\@tempa=\box92
\@tempa=\box93
\@tempa=\box94
\@tempa=\box95
\@tempa=\box96
\c@minrows=\count293
\c@columnbadness=\count294
\c@finalcolumnbadness=\count295
\last@try=\dimen157
\multicolovershoot=\dimen158
\multicolundershoot=\dimen159
\mult@nat@firstbox=\box97
\colbreak@box=\box98
\mc@col@check@num=\count296
\g__mc_curr_col_int=\count297
)
\GlossaryMin=\dimen160
\c@GlossaryColumns=\count298
\check@sum=\count299
\bslash@cnt=\count300
\wrong@table=\toks17
\c@CodelineNo=\count301
\@temptokenb=\toks18
))
(/usr/local/texlive/2025/texmf-dist/tex/latex/graphics/graphicx.sty
Package: graphicx 2024/12/31 v1.2e Enhanced LaTeX Graphics (DPC,SPQR)

(/usr/local/texlive/2025/texmf-dist/tex/latex/graphics/keyval.sty
Package: keyval 2022/05/29 v1.15 key=value parser (DPC)
\KV@toks@=\toks19
)
(/usr/local/texlive/2025/texmf-dist/tex/latex/graphics/graphics.sty
Package: graphics 2024/08/06 v1.4g Standard LaTeX Graphics (DPC,SPQR)

(/usr/local/texlive/2025/texmf-dist/tex/latex/graphics/trig.sty
Package: trig 2023/12/02 v1.11 sin cos tan (DPC)
)
(/usr/local/texlive/2025/texmf-dist/tex/latex/graphics-cfg/graphics.cfg
File: graphics.cfg 2016/06/04 v1.11 sample graphics configuration
)
Package graphics Info: Driver file: pdftex.def on input line 106.

(/usr/local/texlive/2025/texmf-dist/tex/latex/graphics-def/pdftex.def
File: pdftex.def 2025/09/29 v1.2d Graphics/color driver for pdftex
))
\Gin@req@height=\dimen161
\Gin@req@width=\dimen162
)
\@indexfile=\write3
\openout3 = `ledmac.idx'.


Writing index file ledmac.idx
(/usr/local/texlive/2025/texmf-dist/tex/latex/hypdoc/hypdoc.sty
Package: hypdoc 2023-10-26 v1.19 Hyper extensions for doc.sty (HO)

(/usr/local/texlive/2025/texmf-dist/tex/latex/base/atveryend-ltx.sty
Package: atveryend-ltx 2020/08/19 v1.0a Emulation of the original atveryend pac
kage
with kernel methods
)
(/usr/local/texlive/2025/texmf-dist/tex/latex/hyperref/hyperref.sty
Package: hyperref 2026-01-29 v7.01p Hypertext links for LaTeX

(/usr/local/texlive/2025/texmf-dist/tex/generic/iftex/iftex.sty
Package: iftex 2024/12/12 v1.0g TeX engine tests
)
(/usr/local/texlive/2025/texmf-dist/tex/latex/kvsetkeys/kvsetkeys.sty
Package: kvsetkeys 2022-10-05 v1.19 Key value parser (HO)
)
(/usr/local/texlive/2025/texmf-dist/tex/generic/kvdefinekeys/kvdefinekeys.sty
Package: kvdefinekeys 2019-12-19 v1.6 Define keys (HO)
)
(/usr/local/texlive/2025/texmf-dist/tex/generic/pdfescape/pdfescape.sty
Package: pdfescape 2019/12/09 v1.15 Implements pdfTeX's escape features (HO)

(/usr/local/texlive/2025/texmf-dist/tex/generic/ltxcmds/ltxcmds.sty
Package: ltxcmds 2023-12-04 v1.26 LaTeX kernel commands for general use (HO)
)
(/usr/local/texlive/2025/texmf-dist/tex/generic/pdftexcmds/pdftexcmds.sty
Package: pdftexcmds 2020-06-27 v0.33 Utility functions of pdfTeX for LuaTeX (HO
)

(/usr/local/texlive/2025/texmf-dist/tex/generic/infwarerr/infwarerr.sty
Package: infwarerr 2019/12/03 v1.5 Providing info/warning/error messages (HO)
)
Package pdftexcmds Info: \pdf@primitive is available.
Package pdftexcmds Info: \pdf@ifprimitive is available.
Package pdftexcmds Info: \pdfdraftmode found.
))
(/usr/local/texlive/2025/texmf-dist/tex/latex/hycolor/hycolor.sty
Package: hycolor 2020-01-27 v1.10 Color options for hyperref/bookmark (HO)
)
(/usr/local/texlive/2025/texmf-dist/tex/latex/hyperref/nameref.sty
Package: nameref 2026-01-29 v2.58 Cross-referencing by name of section

(/usr/local/texlive/2025/texmf-dist/tex/latex/refcount/refcount.sty
Package: refcount 2019/12/15 v3.6 Data extraction from label references (HO)
)
(/usr/local/texlive/2025/texmf-dist/tex/generic/gettitlestring/gettitlestring.s
ty
Package: gettitlestring 2019/12/15 v1.6 Cleanup title references (HO)
 (/usr/local/texlive/2025/texmf-dist/tex/latex/kvoptions/kvoptions.sty
Package: kvoptions 2022-06-15 v3.15 Key value format for package options (HO)
))
\c@section@level=\count302
)
(/usr/local/texlive/2025/texmf-dist/tex/latex/etoolbox/etoolbox.sty
Package: etoolbox 2025/10/02 v2.5m e-TeX tools for LaTeX (JAW)
\etb@tempcnta=\count303
)
(/usr/local/texlive/2025/texmf-dist/tex/generic/stringenc/stringenc.sty
Package: stringenc 2019/11/29 v1.12 Convert strings between diff. encodings (HO
)
)
\@linkdim=\dimen163
\Hy@linkcounter=\count304
\Hy@pagecounter=\count305

(/usr/local/texlive/2025/texmf-dist/tex/latex/hyperref/pd1enc.def
File: pd1enc.def 2026-01-29 v7.01p Hyperref: PDFDocEncoding definition (HO)
Now handling font encoding PD1 ...
... no UTF-8 mapping file for font encoding PD1
)
(/usr/local/texlive/2025/texmf-dist/tex/generic/intcalc/intcalc.sty
Package: intcalc 2019/12/15 v1.3 Expandable calculations with integers (HO)
)
\Hy@SavedSpaceFactor=\count306

(/usr/local/texlive/2025/texmf-dist/tex/latex/hyperref/puenc.def
File: puenc.def 2026-01-29 v7.01p Hyperref: PDF Unicode definition (HO)
Now handling font encoding PU ...
... no UTF-8 mapping file for font encoding PU
)
(/home/dom/Dropbox/localtexmf/tex/xelatex/xetexconfig/hyperref.cfg
File: hyperref.cfg 
Package hyperref Info: Option `colorlinks' set `true' on input line 17.
Package hyperref Info: Option `breaklinks' set `true' on input line 17.
)
Package hyperref Info: Option `hyperindex' set `false' on input line 4072.
Package hyperref Info: Option `pdfusetitle' set `true' on input line 4072.
Package hyperref Info: Hyper figures OFF on input line 4201.
Package hyperref Info: Link nesting OFF on input line 4206.
Package hyperref Info: Hyper index OFF on input line 4211.
Package hyperref Info: Plain pages OFF on input line 4216.
Package hyperref Info: Backreferencing OFF on input line 4221.
Package hyperref Info: Implicit mode ON; LaTeX internals redefined.
Package hyperref Info: Bookmarks ON on input line 4468.
\c@Hy@tempcnt=\count307

(/usr/local/texlive/2025/texmf-dist/tex/latex/url/url.sty
\Urlmuskip=\muskip17
Package: url 2013/09/16  ver 3.4  Verb mode for urls, etc.
)
LaTeX Info: Redefining \url on input line 4807.
\XeTeXLinkMargin=\dimen164

(/usr/local/texlive/2025/texmf-dist/tex/generic/bitset/bitset.sty
Package: bitset 2019/12/09 v1.3 Handle bit-vector datatype (HO)

(/usr/local/texlive/2025/texmf-dist/tex/generic/bigintcalc/bigintcalc.sty
Package: bigintcalc 2019/12/15 v1.5 Expandable calculations on big integers (HO
)
))
\Fld@menulength=\count308
\Field@Width=\dimen165
\Fld@charsize=\dimen166
Package hyperref Info: Hyper figures OFF on input line 6084.
Package hyperref Info: Link nesting OFF on input line 6089.
Package hyperref Info: Hyper index OFF on input line 6094.
Package hyperref Info: backreferencing OFF on input line 6099.
Package hyperref Info: Link coloring ON on input line 6102.
Package hyperref Info: Link coloring with OCG OFF on input line 6109.
Package hyperref Info: PDF/A mode OFF on input line 6114.
\Hy@abspage=\count309
\c@Item=\count310
\c@Hfootnote=\count311
)
Package hyperref Info: Driver (autodetected): hpdftex.

(/usr/local/texlive/2025/texmf-dist/tex/latex/hyperref/hpdftex.def
File: hpdftex.def 2026-01-29 v7.01p Hyperref driver for pdfTeX
\Fld@listcount=\count312
\c@bookmark@seq@number=\count313

(/usr/local/texlive/2025/texmf-dist/tex/latex/rerunfilecheck/rerunfilecheck.sty
Package: rerunfilecheck 2025-06-21 v1.11 Rerun checks for auxiliary files (HO)

(/usr/local/texlive/2025/texmf-dist/tex/generic/uniquecounter/uniquecounter.sty
Package: uniquecounter 2019/12/15 v1.4 Provide unlimited unique counter (HO)
)
Package uniquecounter Info: New unique counter `rerunfilecheck' on input line 2
84.
)
\Hy@SectionHShift=\skip55
)
Package hyperref Info: Option `colorlinks' set `true' on input line 75.
Package hyperref Info: Option `plainpages' set `false' on input line 75.
Package hyperref Info: Option `bookmarksopen' set `true' on input line 75.
Package hyperref Info: Option `bookmarksnumbered' set `true' on input line 75.
\c@HD@unique=\count314
\c@HD@hypercount=\count315
\HD@helplength=\skip56
)
(/usr/local/texlive/2025/texmf-dist/tex/latex/l3backend/l3backend-pdftex.def
File: l3backend-pdftex.def 2025-10-09 L3 backend support: PDF output (pdfTeX)
\l__color_backend_stack_int=\count316
)
(./ledmac.aux)
\openout1 = `ledmac.aux'.

LaTeX Font Info:    Checking defaults for OML/cmm/m/it on input line 20.
LaTeX Font Info:    ... okay on input line 20.
LaTeX Font Info:    Checking defaults for OMS/cmsy/m/n on input line 20.
LaTeX Font Info:    ... okay on input line 20.
LaTeX Font Info:    Checking defaults for OT1/cmr/m/n on input line 20.
LaTeX Font Info:    ... okay on input line 20.
LaTeX Font Info:    Checking defaults for T1/cmr/m/n on input line 20.
LaTeX Font Info:    ... okay on input line 20.
LaTeX Font Info:    Checking defaults for TS1/cmr/m/n on input line 20.
LaTeX Font Info:    ... okay on input line 20.
LaTeX Font Info:    Checking defaults for OMX/cmex/m/n on input line 20.
LaTeX Font Info:    ... okay on input line 20.
LaTeX Font Info:    Checking defaults for U/cmr/m/n on input line 20.
LaTeX Font Info:    ... okay on input line 20.
LaTeX Font Info:    Checking defaults for PD1/pdf/m/n on input line 20.
LaTeX Font Info:    ... okay on input line 20.
LaTeX Font Info:    Checking defaults for PU/pdf/m/n on input line 20.
LaTeX Font Info:    ... okay on input line 20.
Package doc Info: Made | a short reference for \verb on input line 20.

(/usr/local/texlive/2025/texmf-dist/tex/context/base/mkii/supp-pdf.mkii
[Loading MPS to PDF converter (version 2006.09.02).]
\scratchcounter=\count317
\scratchdimen=\dimen167
\scratchbox=\box99
\nofMPsegments=\count318
\nofMParguments=\count319
\everyMPshowfont=\toks20
\MPscratchCnt=\count320
\MPscratchDim=\dimen168
\MPnumerator=\count321
\makeMPintoPDFobject=\count322
\everyMPtoPDFconversion=\toks21
) (/usr/local/texlive/2025/texmf-dist/tex/latex/epstopdf-pkg/epstopdf-base.sty
Package: epstopdf-base 2020-01-24 v2.11 Base part for package epstopdf
Package epstopdf-base Info: Redefining graphics rule for `.eps' on input line 4
85.

(/usr/local/texlive/2025/texmf-dist/tex/latex/latexconfig/epstopdf-sys.cfg
File: epstopdf-sys.cfg 2010/07/13 v1.3 Configuration of (r)epstopdf for TeX Liv
e
))
(/usr/local/texlive/2025/texmf-dist/tex/latex/graphics/color.sty
Package: color 2025/01/14 v1.3e Standard LaTeX Color (DPC)

(/usr/local/texlive/2025/texmf-dist/tex/latex/graphics-cfg/color.cfg
File: color.cfg 2016/01/02 v1.6 sample color configuration
)
Package color Info: Driver file: pdftex.def on input line 149.

(/usr/local/texlive/2025/texmf-dist/tex/latex/graphics/mathcolor.ltx))
Package hyperref Info: Link coloring ON on input line 20.

(./ledmac.out) (./ledmac.out)
\@outlinefile=\write4
\openout4 = `ledmac.out'.

 (./ledmac.hd)
\HD@savedest@out=\write5
\openout5 = `ledmac.hd'.

 (./ledmac.dtx
LaTeX Font Info:    External font `cmex10' loaded for size
(Font)              <17.28> on input line 430.
LaTeX Font Info:    External font `cmex10' loaded for size
(Font)              <12> on input line 430.
LaTeX Font Info:    External font `cmex10' loaded for size
(Font)              <8> on input line 430.
LaTeX Font Info:    External font `cmex10' loaded for size
(Font)              <6> on input line 430.
LaTeX Font Info:    External font `cmex10' loaded for size
(Font)              <5> on input line 430.
 (./ledmac.toc
LaTeX Font Info:    External font `cmex10' loaded for size
(Font)              <7> on input line 2.
LaTeX Font Info:    Font shape `OT1/cmtt/bx/n' in size <10> not available
(Font)              Font shape `OT1/cmtt/m/n' tried instead on input line 4.


Package hyperref Warning: Token not allowed in a PDF string (Unicode):
(hyperref)                removing `\baselineskip' on input line 28.


Package hyperref Warning: Token not allowed in a PDF string (Unicode):
(hyperref)                removing `\baselineskip' on input line 28.

[1

{/usr/local/texlive/2025/texmf-var/fonts/map/pdftex/updmap/pdftex.map}])
\tf@toc=\write6
\openout6 = `ledmac.toc'.


[2] [3{/usr/local/texlive/2025/texmf-dist/fonts/enc/dvips/cm-super/cm-super-ts1
.enc}] [4]
LaTeX Font Info:    Font shape `OT1/cmtt/bx/n' in size <14.4> not available
(Font)              Font shape `OT1/cmtt/m/n' tried instead on input line 687.
 [5]

LaTeX Warning: Marginpar on page 6 moved.


LaTeX Warning: Marginpar on page 6 moved.


Underfull \vbox (badness 8075) has occurred while \output is active []

 [6]

LaTeX Warning: Marginpar on page 7 moved.

[7]

LaTeX Warning: Marginpar on page 8 moved.

LaTeX Font Info:    Font shape `OT1/cmss/m/it' in size <10> not available
(Font)              Font shape `OT1/cmss/m/sl' tried instead on input line 969.

[8]

LaTeX Warning: Marginpar on page 9 moved.


LaTeX Warning: Marginpar on page 9 moved.


LaTeX Warning: Marginpar on page 9 moved.


LaTeX Warning: Marginpar on page 9 moved.


LaTeX Warning: Marginpar on page 9 moved.


LaTeX Warning: Marginpar on page 9 moved.


LaTeX Warning: Marginpar on page 9 moved.


LaTeX Warning: Marginpar on page 9 moved.


LaTeX Warning: Marginpar on page 9 moved.

[9] [10]

LaTeX Warning: Marginpar on page 11 moved.


LaTeX Warning: Marginpar on page 11 moved.


LaTeX Warning: Marginpar on page 11 moved.


LaTeX Warning: Marginpar on page 11 moved.


LaTeX Warning: Marginpar on page 11 moved.

[11]

LaTeX Warning: Marginpar on page 12 moved.


LaTeX Warning: Marginpar on page 12 moved.

[12]

LaTeX Warning: Marginpar on page 13 moved.


LaTeX Warning: Marginpar on page 13 moved.

[13]

LaTeX Warning: Marginpar on page 14 moved.


LaTeX Warning: Marginpar on page 14 moved.


LaTeX Warning: Marginpar on page 14 moved.

[14]

LaTeX Warning: Marginpar on page 15 moved.


LaTeX Warning: Marginpar on page 15 moved.

[15] [16]
LaTeX Font Info:    External font `cmex10' loaded for size
(Font)              <9> on input line 1831.
 [17] [18] [19] [20]
Overfull \hbox (3.83502pt too wide) in paragraph at lines 2115--2115
 [][]             \OT1/cmtt/m/n/9 \ledmac@warning{Bad \string\linenummargin\spa
ce argument.}% 
 []

[21] [22] [23] [24] [25]
Overfull \hbox (49.69347pt too wide) in paragraph at lines 2520--2535
[][][]\OT1/cmtt/m/n/10 \actions@list[]\OT1/cmr/m/n/10 : ac-tion codes cor-re-sp
ond-ing to the line num-bers in [][]\OT1/cmtt/m/n/10 \actionlines@list[]\OT1/cm
r/m/n/10 .
 []

[26] [27]
Overfull \hbox (17.69415pt too wide) in paragraph at lines 2698--2705
[]\OT1/cmr/m/n/10 Our line, page, and line-locking coun-ters were al-ready ze-r
oed by [][]\OT1/cmtt/m/n/10 \line@list@stuff
 []

[28] [29] [30] [31] [32] [33] [34] [35] [36] [37] [38] [39]
Overfull \hbox (3.83502pt too wide) in paragraph at lines 3569--3569
 [][]\OT1/cmtt/m/n/9 \newcommand*{\no@expands}{\let\rm=0\let\it=0\let\sl=0\let\
bf=0\let\tt=0% 
 []

[40] [41] [42] [43] [44] [45] [46] [47] [48] [49] [50] [51] [52]
Underfull \vbox (badness 1874) has occurred while \output is active []

 [53]
[54]
Overfull \hbox (4.33322pt too wide) in paragraph at lines 4700--4702
[]\OT1/cmr/m/n/10 The line num-bers will be printed us-ing the font se-lected b
y ex-e-cut-ing [][]\OT1/cmtt/m/n/10 \notenumfont[]\OT1/cmr/m/n/10 . 
 []


Overfull \hbox (11.30571pt too wide) in paragraph at lines 4735--4740
[]\OT1/cmr/m/n/10 The outer-level foot-note com-mands will look fa-mil-iar: the
y're just called [][]\OT1/cmtt/m/n/10 \Afootnote[]\OT1/cmr/m/n/10 ,
 []

[55] [56]
Overfull \hbox (18.00986pt too wide) in paragraph at lines 4862--4862
 [][]\OT1/cmtt/m/n/9 \newcommand*{\normalvfootnote}[2]{\insert\csname #1footins
\endcsname\bgroup 
 []

[57] [58] [59] [60] [61] [62] [63] [64]
Underfull \vbox (badness 1033) has occurred while \output is active []

 [65]
[66] [67]
Overfull \hbox (18.00986pt too wide) in paragraph at lines 5727--5727
 [][]\OT1/cmtt/m/n/9 \newcommand*{\twocolvfootnote}[2]{\insert\csname #1footins
\endcsname\bgroup 
 []

[68]
Overfull \hbox (13.28491pt too wide) in paragraph at lines 5773--5773
 [][]\OT1/cmtt/m/n/9 \newcommand*{\advancepageno}{\ifnum\pageno<\z@ \global\adv
ance\pageno\m@ne 
 []

[69] [70] [71]
Overfull \hbox (4.91566pt too wide) in paragraph at lines 5991--5997
\OT1/cmr/m/n/10 and later re-fer to it us-ing the la-bel [][]\OT1/cmtt/m/n/10 f
oo []\OT1/cmr/m/n/10 by say-ing [][]\OT1/cmtt/m/n/10 \pageref{foo}[]\OT1/cmr/m/
n/10 , or [][]\OT1/cmtt/m/n/10 \lineref{foo}
 []

[72]
Overfull \hbox (3.83502pt too wide) in paragraph at lines 6070--6070
 [][]\OT1/cmtt/m/n/9 \newcommand*{\zz@@@}{000|000|000} % set three counters to 
zero in one go 
 []

[73] [74]
Overfull \hbox (5.05551pt too wide) in paragraph at lines 6218--6228
[]\OT1/cmr/m/n/10 Notice that we slipped an-other [][]\OT1/cmtt/m/n/10 | []\OT1
/cmr/m/n/10 de-lim-iter into the penul-ti-mate line of [][]\OT1/cmtt/m/n/10 \ge
tref@num[]\OT1/cmr/m/n/10 ,
 []

[75]
Overfull \hbox (46.35953pt too wide) in paragraph at lines 6282--6282
 [][]\OT1/cmtt/m/n/9 \newcommand*{\edmakelabel}[2]{\expandafter\xdef\csname the
@label#1\endcsname{#2}} 
 []

[76] [77] [78]
Package epstopdf Info: Source file: <ledeasy.eps>
(epstopdf)                    date: 2011-08-12 17:08:47
(epstopdf)                    size: 92986 bytes
(epstopdf)             Output file: <ledeasy-eps-converted-to.pdf>
(epstopdf)                    date: 2021-03-02 12:36:02
(epstopdf)                    size: 30853 bytes
(epstopdf)             Command: <repstopdf --outfile=ledeasy-eps-converted-to.p
df ledeasy.eps>
(epstopdf)             \includegraphics on input line 6509.
Package epstopdf Info: Output file is already uptodate.
<ledeasy-eps-converted-to.pdf, id=764, 409.53pt x 542.025pt>
File: ledeasy-eps-converted-to.pdf Graphic file (type pdf)
<use ledeasy-eps-converted-to.pdf>
Package pdftex.def Info: ledeasy-eps-converted-to.pdf  used on input line 6509.

(pdftex.def)             Requested size: 409.52899pt x 542.02367pt.

Overfull \hbox (54.52899pt too wide) in paragraph at lines 6509--6510
 [][] 
 []

[79] [80 <./ledeasy-eps-converted-to.pdf>]
Package epstopdf Info: Source file: <ledfeat.eps>
(epstopdf)                    date: 2011-08-12 17:08:47
(epstopdf)                    size: 82603 bytes
(epstopdf)             Output file: <ledfeat-eps-converted-to.pdf>
(epstopdf)                    date: 2021-03-02 12:36:02
(epstopdf)                    size: 28478 bytes
(epstopdf)             Command: <repstopdf --outfile=ledfeat-eps-converted-to.p
df ledfeat.eps>
(epstopdf)             \includegraphics on input line 6576.
Package epstopdf Info: Output file is already uptodate.
<ledfeat-eps-converted-to.pdf, id=823, 366.36874pt x 579.16376pt>
File: ledfeat-eps-converted-to.pdf Graphic file (type pdf)
<use ledfeat-eps-converted-to.pdf>
Package pdftex.def Info: ledfeat-eps-converted-to.pdf  used on input line 6576.

(pdftex.def)             Requested size: 366.36784pt x 579.16234pt.

Overfull \hbox (11.36784pt too wide) in paragraph at lines 6576--6577
 [][] 
 []


LaTeX Warning: Float too large for page by 5.10678pt on input line 6579.

[81] [82 <./ledfeat-eps-converted-to.pdf>]
Underfull \vbox (badness 10000) has occurred while \output is active []

 [83]
Package epstopdf Info: Source file: <ledioc.eps>
(epstopdf)                    date: 2011-08-12 17:08:47
(epstopdf)                    size: 67978 bytes
(epstopdf)             Output file: <ledioc-eps-converted-to.pdf>
(epstopdf)                    date: 2021-03-02 12:36:03
(epstopdf)                    size: 23870 bytes
(epstopdf)             Command: <repstopdf --outfile=ledioc-eps-converted-to.pd
f ledioc.eps>
(epstopdf)             \includegraphics on input line 6748.
Package epstopdf Info: Output file is already uptodate.
<ledioc-eps-converted-to.pdf, id=863, 360.34625pt x 579.16376pt>
File: ledioc-eps-converted-to.pdf Graphic file (type pdf)
<use ledioc-eps-converted-to.pdf>
Package pdftex.def Info: ledioc-eps-converted-to.pdf  used on input line 6748.
(pdftex.def)             Requested size: 360.34537pt x 579.16234pt.

Overfull \hbox (5.34537pt too wide) in paragraph at lines 6748--6749
 [][] 
 []


LaTeX Warning: Float too large for page by 5.10678pt on input line 6751.

[84]
Overfull \hbox (18.00986pt too wide) in paragraph at lines 6896--6896
 [][] \OT1/cmtt/m/n/9 \renewcommand{\rightlinenum}{\ifbypage@\ifnum\line@num<10
\kern.5em\fi\else 
 []

[85] [86 <./ledioc-eps-converted-to.pdf>]
Overfull \hbox (3.83502pt too wide) in paragraph at lines 6896--6896
 [][] \OT1/cmtt/m/n/9 \newcommand{\senspeak}[1]{\pstart\obeylines\setbox0=\hbox
{\textrm{''}}% 
 []


Underfull \vbox (badness 10000) has occurred while \output is active []

 [87]
Package epstopdf Info: Source file: <ledarden.eps>
(epstopdf)                    date: 2011-08-12 17:08:47
(epstopdf)                    size: 94578 bytes
(epstopdf)             Output file: <ledarden-eps-converted-to.pdf>
(epstopdf)                    date: 2021-03-02 12:36:03
(epstopdf)                    size: 32626 bytes
(epstopdf)             Command: <repstopdf --outfile=ledarden-eps-converted-to.
pdf ledarden.eps>
(epstopdf)             \includegraphics on input line 6923.
Package epstopdf Info: Output file is already uptodate.
<ledarden-eps-converted-to.pdf, id=894, 347.2975pt x 549.05125pt>
File: ledarden-eps-converted-to.pdf Graphic file (type pdf)
<use ledarden-eps-converted-to.pdf>
Package pdftex.def Info: ledarden-eps-converted-to.pdf  used on input line 6923
.
(pdftex.def)             Requested size: 347.29665pt x 549.04991pt.

[88] [89 <./ledarden-eps-converted-to.pdf>]
Underfull \vbox (badness 10000) has occurred while \output is active []

 [90]
Underfull \vbox (badness 10000) has occurred while \output is active []

 [91]
Overfull \hbox (36.90964pt too wide) in paragraph at lines 7096--7096
 [][]   \OT1/cmtt/m/n/9 \collation{\textnormal{adiew}. Q, F. \quad \textnormal{
S. D.]} Q2, F; om. Q; 
 []

Package epstopdf Info: Source file: <ledmixed.eps>
(epstopdf)                    date: 2011-08-12 17:08:47
(epstopdf)                    size: 123758 bytes
(epstopdf)             Output file: <ledmixed-eps-converted-to.pdf>
(epstopdf)                    date: 2021-03-02 12:36:04
(epstopdf)                    size: 60325 bytes
(epstopdf)             Command: <repstopdf --outfile=ledmixed-eps-converted-to.
pdf ledmixed.eps>
(epstopdf)             \includegraphics on input line 7126.
Package epstopdf Info: Output file is already uptodate.
<ledmixed-eps-converted-to.pdf, id=931, 454.69875pt x 579.16376pt>
File: ledmixed-eps-converted-to.pdf Graphic file (type pdf)
<use ledmixed-eps-converted-to.pdf>
Package pdftex.def Info: ledmixed-eps-converted-to.pdf  used on input line 7126
.
(pdftex.def)             Requested size: 454.69763pt x 579.16234pt.

LaTeX Warning: Float too large for page by 5.10678pt on input line 7129.

[92] [93 <./ledmixed-eps-converted-to.pdf>] [94]
Overfull \hbox (22.7348pt too wide) in paragraph at lines 7408--7408
 [][] \OT1/cmtt/m/n/9 \hbox to\hsize{\affixline@num\add@inserts\hbox to\z@% ins
erts added here so 
 []


Overfull \hbox (18.00986pt too wide) in paragraph at lines 7408--7408
 [][]   \OT1/cmtt/m/n/9 {\hss\box\lp@rbox\kern\linenumsep}%                 tha
t margin pars are 
 []


Underfull \vbox (badness 10000) has occurred while \output is active []

 [95]
Underfull \vbox (badness 10000) has occurred while \output is active []

 [96]
Overfull \hbox (3.83502pt too wide) in paragraph at lines 7408--7408
 [][] \OT1/cmtt/m/n/9 \textit{P}, physeologiae \textit{R}}/ intentio praecipuaq
ue mat\-e\-ria 
 []


Underfull \vbox (badness 10000) has occurred while \output is active []

 [97]
No file ledmac.ind.
*******************
* Checksum passed *
*******************
) [98] (./ledmac.aux)
 ***********
LaTeX2e <2025-11-01>
L3 programming layer <2026-01-19>
 ***********
Package rerunfilecheck Info: File `ledmac.out' has not changed.
(rerunfilecheck)             Checksum: F631B7C700B8E41468FD17594B977825;9556.
Package rerunfilecheck Info: File `ledmac.hd' has not changed.
(rerunfilecheck)             Checksum: D41D8CD98F00B204E9800998ECF8427E;0.
 ) 
Here is how much of TeX's memory you used:
 12604 strings out of 467533
 173185 string characters out of 5419489
 590863 words of memory out of 5000000
 41192 multiletter control sequences out of 15000+600000
 639793 words of font info for 82 fonts, out of 8000000 for 9000
 1143 hyphenation exceptions out of 8191
 91i,9n,93p,317b,1044s stack positions out of 10000i,1000n,20000p,200000b,200000s
</usr/local/texlive/2025/texmf-dist/fonts/type1/public/amsfonts/cm/cmbx10.pfb
></usr/local/texlive/2025/texmf-dist/fonts/type1/public/amsfonts/cm/cmbx12.pfb>
</usr/local/texlive/2025/texmf-dist/fonts/type1/public/amsfonts/cm/cmbx8.pfb></
usr/local/texlive/2025/texmf-dist/fonts/type1/public/amsfonts/cm/cmcsc10.pfb></
usr/local/texlive/2025/texmf-dist/fonts/type1/public/amsfonts/cm/cmmi10.pfb></u
sr/local/texlive/2025/texmf-dist/fonts/type1/public/amsfonts/cm/cmmi8.pfb></usr
/local/texlive/2025/texmf-dist/fonts/type1/public/amsfonts/cm/cmmi9.pfb></usr/l
ocal/texlive/2025/texmf-dist/fonts/type1/public/amsfonts/cm/cmr10.pfb></usr/loc
al/texlive/2025/texmf-dist/fonts/type1/public/amsfonts/cm/cmr12.pfb></usr/local
/texlive/2025/texmf-dist/fonts/type1/public/amsfonts/cm/cmr17.pfb></usr/local/t
exlive/2025/texmf-dist/fonts/type1/public/amsfonts/cm/cmr5.pfb></usr/local/texl
ive/2025/texmf-dist/fonts/type1/public/amsfonts/cm/cmr6.pfb></usr/local/texlive
/2025/texmf-dist/fonts/type1/public/amsfonts/cm/cmr7.pfb></usr/local/texlive/20
25/texmf-dist/fonts/type1/public/amsfonts/cm/cmr8.pfb></usr/local/texlive/2025/
texmf-dist/fonts/type1/public/amsfonts/cm/cmr9.pfb></usr/local/texlive/2025/tex
mf-dist/fonts/type1/public/amsfonts/cm/cmsl10.pfb></usr/local/texlive/2025/texm
f-dist/fonts/type1/public/amsfonts/cm/cmsltt10.pfb></usr/local/texlive/2025/tex
mf-dist/fonts/type1/public/amsfonts/cm/cmss10.pfb></usr/local/texlive/2025/texm
f-dist/fonts/type1/public/amsfonts/cm/cmss17.pfb></usr/local/texlive/2025/texmf
-dist/fonts/type1/public/amsfonts/cm/cmss9.pfb></usr/local/texlive/2025/texmf-d
ist/fonts/type1/public/amsfonts/cm/cmssi10.pfb></usr/local/texlive/2025/texmf-d
ist/fonts/type1/public/amsfonts/cm/cmsy10.pfb></usr/local/texlive/2025/texmf-di
st/fonts/type1/public/amsfonts/cm/cmsy6.pfb></usr/local/texlive/2025/texmf-dist
/fonts/type1/public/amsfonts/cm/cmsy8.pfb></usr/local/texlive/2025/texmf-dist/f
onts/type1/public/amsfonts/cm/cmsy9.pfb></usr/local/texlive/2025/texmf-dist/fon
ts/type1/public/amsfonts/cm/cmti10.pfb></usr/local/texlive/2025/texmf-dist/font
s/type1/public/amsfonts/cm/cmti8.pfb></usr/local/texlive/2025/texmf-dist/fonts/
type1/public/amsfonts/cm/cmtt10.pfb></usr/local/texlive/2025/texmf-dist/fonts/t
ype1/public/amsfonts/cm/cmtt12.pfb></usr/local/texlive/2025/texmf-dist/fonts/ty
pe1/public/amsfonts/cm/cmtt8.pfb></usr/local/texlive/2025/texmf-dist/fonts/type
1/public/amsfonts/cm/cmtt9.pfb></usr/local/texlive/2025/texmf-dist/fonts/type1/
public/cm-super/sfrm1000.pfb></usr/local/texlive/2025/texmf-dist/fonts/type1/pu
blic/cm-super/sfss1000.pfb>
Output written on ledmac.pdf (98 pages, 693079 bytes).
PDF statistics:
 1231 PDF objects out of 1440 (max. 8388607)
 982 compressed objects within 10 object streams
 200 named destinations out of 1000 (max. 500000)
 482 words of extra memory for PDF output out of 10000 (max. 10000000)

